{"C:\\Users\\ericd\\lift-hub-register\\backend\\jest.config.js": {"path":"C:\\Users\\ericd\\lift-hub-register\\backend\\jest.config.js","statementMap":{"0":{"start":{"line":1,"column":0},"end":{"line":14,"column":2}}},"fnMap":{},"branchMap":{},"s":{"0":0},"f":{},"b":{}}
,"C:\\Users\\ericd\\lift-hub-register\\backend\\config\\db.js": {"path":"C:\\Users\\ericd\\lift-hub-register\\backend\\config\\db.js","statementMap":{"0":{"start":{"line":1,"column":17},"end":{"line":1,"column":36}},"1":{"start":{"line":3,"column":18},"end":{"line":14,"column":1}},"2":{"start":{"line":4,"column":2},"end":{"line":13,"column":3}},"3":{"start":{"line":5,"column":17},"end":{"line":8,"column":6}},"4":{"start":{"line":9,"column":4},"end":{"line":9,"column":62}},"5":{"start":{"line":11,"column":4},"end":{"line":11,"column":45}},"6":{"start":{"line":12,"column":4},"end":{"line":12,"column":20}},"7":{"start":{"line":16,"column":0},"end":{"line":16,"column":27}}},"fnMap":{"0":{"name":"(anonymous_0)","decl":{"start":{"line":3,"column":18},"end":{"line":3,"column":19}},"loc":{"start":{"line":3,"column":30},"end":{"line":14,"column":1}},"line":3}},"branchMap":{},"s":{"0":0,"1":0,"2":0,"3":0,"4":0,"5":0,"6":0,"7":0},"f":{"0":0},"b":{}}
,"C:\\Users\\ericd\\lift-hub-register\\backend\\controllers\\alunoController.js": {"path":"C:\\Users\\ericd\\lift-hub-register\\backend\\controllers\\alunoController.js","statementMap":{"0":{"start":{"line":1,"column":21},"end":{"line":1,"column":56}},"1":{"start":{"line":13,"column":4},"end":{"line":36,"column":5}},"2":{"start":{"line":14,"column":22},"end":{"line":14,"column":30}},"3":{"start":{"line":16,"column":6},"end":{"line":21,"column":7}},"4":{"start":{"line":17,"column":8},"end":{"line":20,"column":11}},"5":{"start":{"line":23,"column":20},"end":{"line":23,"column":58}},"6":{"start":{"line":25,"column":6},"end":{"line":29,"column":9}},"7":{"start":{"line":32,"column":6},"end":{"line":35,"column":9}},"8":{"start":{"line":44,"column":4},"end":{"line":57,"column":5}},"9":{"start":{"line":45,"column":21},"end":{"line":45,"column":54}},"10":{"start":{"line":47,"column":6},"end":{"line":50,"column":9}},"11":{"start":{"line":53,"column":6},"end":{"line":56,"column":9}},"12":{"start":{"line":65,"column":4},"end":{"line":80,"column":5}},"13":{"start":{"line":66,"column":22},"end":{"line":66,"column":32}},"14":{"start":{"line":67,"column":20},"end":{"line":67,"column":61}},"15":{"start":{"line":69,"column":6},"end":{"line":72,"column":9}},"16":{"start":{"line":75,"column":21},"end":{"line":75,"column":73}},"17":{"start":{"line":76,"column":6},"end":{"line":79,"column":9}},"18":{"start":{"line":88,"column":4},"end":{"line":113,"column":5}},"19":{"start":{"line":89,"column":22},"end":{"line":89,"column":32}},"20":{"start":{"line":90,"column":26},"end":{"line":90,"column":34}},"21":{"start":{"line":92,"column":6},"end":{"line":97,"column":7}},"22":{"start":{"line":93,"column":8},"end":{"line":96,"column":11}},"23":{"start":{"line":99,"column":20},"end":{"line":99,"column":67}},"24":{"start":{"line":101,"column":6},"end":{"line":105,"column":9}},"25":{"start":{"line":108,"column":21},"end":{"line":108,"column":73}},"26":{"start":{"line":109,"column":6},"end":{"line":112,"column":9}},"27":{"start":{"line":121,"column":4},"end":{"line":136,"column":5}},"28":{"start":{"line":122,"column":22},"end":{"line":122,"column":32}},"29":{"start":{"line":123,"column":24},"end":{"line":123,"column":60}},"30":{"start":{"line":125,"column":6},"end":{"line":128,"column":9}},"31":{"start":{"line":131,"column":21},"end":{"line":131,"column":73}},"32":{"start":{"line":132,"column":6},"end":{"line":135,"column":9}},"33":{"start":{"line":140,"column":0},"end":{"line":140,"column":39}}},"fnMap":{"0":{"name":"(anonymous_0)","decl":{"start":{"line":12,"column":2},"end":{"line":12,"column":3}},"loc":{"start":{"line":12,"column":33},"end":{"line":37,"column":3}},"line":12},"1":{"name":"(anonymous_1)","decl":{"start":{"line":43,"column":2},"end":{"line":43,"column":3}},"loc":{"start":{"line":43,"column":31},"end":{"line":58,"column":3}},"line":43},"2":{"name":"(anonymous_2)","decl":{"start":{"line":64,"column":2},"end":{"line":64,"column":3}},"loc":{"start":{"line":64,"column":36},"end":{"line":81,"column":3}},"line":64},"3":{"name":"(anonymous_3)","decl":{"start":{"line":87,"column":2},"end":{"line":87,"column":3}},"loc":{"start":{"line":87,"column":33},"end":{"line":114,"column":3}},"line":87},"4":{"name":"(anonymous_4)","decl":{"start":{"line":120,"column":2},"end":{"line":120,"column":3}},"loc":{"start":{"line":120,"column":31},"end":{"line":137,"column":3}},"line":120}},"branchMap":{"0":{"loc":{"start":{"line":16,"column":6},"end":{"line":21,"column":7}},"type":"if","locations":[{"start":{"line":16,"column":6},"end":{"line":21,"column":7}},{"start":{},"end":{}}],"line":16},"1":{"loc":{"start":{"line":75,"column":21},"end":{"line":75,"column":73}},"type":"cond-expr","locations":[{"start":{"line":75,"column":64},"end":{"line":75,"column":67}},{"start":{"line":75,"column":70},"end":{"line":75,"column":73}}],"line":75},"2":{"loc":{"start":{"line":92,"column":6},"end":{"line":97,"column":7}},"type":"if","locations":[{"start":{"line":92,"column":6},"end":{"line":97,"column":7}},{"start":{},"end":{}}],"line":92},"3":{"loc":{"start":{"line":108,"column":21},"end":{"line":108,"column":73}},"type":"cond-expr","locations":[{"start":{"line":108,"column":64},"end":{"line":108,"column":67}},{"start":{"line":108,"column":70},"end":{"line":108,"column":73}}],"line":108},"4":{"loc":{"start":{"line":131,"column":21},"end":{"line":131,"column":73}},"type":"cond-expr","locations":[{"start":{"line":131,"column":64},"end":{"line":131,"column":67}},{"start":{"line":131,"column":70},"end":{"line":131,"column":73}}],"line":131}},"s":{"0":1,"1":3,"2":3,"3":3,"4":1,"5":2,"6":1,"7":1,"8":1,"9":1,"10":1,"11":0,"12":2,"13":2,"14":2,"15":1,"16":1,"17":1,"18":0,"19":0,"20":0,"21":0,"22":0,"23":0,"24":0,"25":0,"26":0,"27":2,"28":2,"29":2,"30":1,"31":1,"32":1,"33":1},"f":{"0":3,"1":1,"2":2,"3":0,"4":2},"b":{"0":[1,2],"1":[1,0],"2":[0,0],"3":[0,0],"4":[1,0]},"_coverageSchema":"1a1c01bbd47fc00a2c39e90264f33305004495a9","hash":"0c744a9d47ba5323db12b31bf11a1b7382184257"}
,"C:\\Users\\ericd\\lift-hub-register\\backend\\models\\Aluno.js": {"path":"C:\\Users\\ericd\\lift-hub-register\\backend\\models\\Aluno.js","statementMap":{"0":{"start":{"line":1,"column":17},"end":{"line":1,"column":36}},"1":{"start":{"line":3,"column":20},"end":{"line":19,"column":2}},"2":{"start":{"line":12,"column":8},"end":{"line":12,"column":53}},"3":{"start":{"line":22,"column":0},"end":{"line":22,"column":48}},"4":{"start":{"line":24,"column":0},"end":{"line":24,"column":54}}},"fnMap":{"0":{"name":"(anonymous_0)","decl":{"start":{"line":10,"column":17},"end":{"line":10,"column":18}},"loc":{"start":{"line":10,"column":29},"end":{"line":13,"column":7}},"line":10}},"branchMap":{},"s":{"0":2,"1":2,"2":0,"3":2,"4":2},"f":{"0":0},"b":{},"_coverageSchema":"1a1c01bbd47fc00a2c39e90264f33305004495a9","hash":"9ac918528f7947e412331e4ed634ea4d61d504f2"}
,"C:\\Users\\ericd\\lift-hub-register\\backend\\routes\\alunoRoutes.js": {"path":"C:\\Users\\ericd\\lift-hub-register\\backend\\routes\\alunoRoutes.js","statementMap":{"0":{"start":{"line":1,"column":16},"end":{"line":1,"column":34}},"1":{"start":{"line":2,"column":15},"end":{"line":2,"column":31}},"2":{"start":{"line":3,"column":24},"end":{"line":3,"column":65}},"3":{"start":{"line":6,"column":0},"end":{"line":6,"column":49}},"4":{"start":{"line":9,"column":0},"end":{"line":9,"column":46}},"5":{"start":{"line":12,"column":0},"end":{"line":12,"column":55}},"6":{"start":{"line":15,"column":0},"end":{"line":15,"column":52}},"7":{"start":{"line":18,"column":0},"end":{"line":18,"column":53}},"8":{"start":{"line":20,"column":0},"end":{"line":20,"column":24}}},"fnMap":{},"branchMap":{},"s":{"0":0,"1":0,"2":0,"3":0,"4":0,"5":0,"6":0,"7":0,"8":0},"f":{},"b":{}}
,"C:\\Users\\ericd\\lift-hub-register\\backend\\scripts\\initDB.js": {"path":"C:\\Users\\ericd\\lift-hub-register\\backend\\scripts\\initDB.js","statementMap":{"0":{"start":{"line":1,"column":17},"end":{"line":1,"column":36}},"1":{"start":{"line":6,"column":27},"end":{"line":37,"column":1}},"2":{"start":{"line":7,"column":2},"end":{"line":36,"column":3}},"3":{"start":{"line":9,"column":4},"end":{"line":12,"column":7}},"4":{"start":{"line":14,"column":4},"end":{"line":14,"column":40}},"5":{"start":{"line":17,"column":24},"end":{"line":17,"column":80}},"6":{"start":{"line":18,"column":29},"end":{"line":18,"column":75}},"7":{"start":{"line":18,"column":53},"end":{"line":18,"column":74}},"8":{"start":{"line":20,"column":4},"end":{"line":23,"column":5}},"9":{"start":{"line":21,"column":6},"end":{"line":21,"column":50}},"10":{"start":{"line":22,"column":6},"end":{"line":22,"column":62}},"11":{"start":{"line":26,"column":18},"end":{"line":26,"column":44}},"12":{"start":{"line":27,"column":4},"end":{"line":27,"column":32}},"13":{"start":{"line":29,"column":4},"end":{"line":29,"column":60}},"14":{"start":{"line":30,"column":4},"end":{"line":30,"column":66}},"15":{"start":{"line":33,"column":4},"end":{"line":33,"column":64}},"16":{"start":{"line":35,"column":4},"end":{"line":35,"column":38}},"17":{"start":{"line":40,"column":0},"end":{"line":42,"column":1}},"18":{"start":{"line":41,"column":2},"end":{"line":41,"column":23}},"19":{"start":{"line":44,"column":0},"end":{"line":44,"column":36}}},"fnMap":{"0":{"name":"(anonymous_0)","decl":{"start":{"line":6,"column":27},"end":{"line":6,"column":28}},"loc":{"start":{"line":6,"column":39},"end":{"line":37,"column":1}},"line":6},"1":{"name":"(anonymous_1)","decl":{"start":{"line":18,"column":46},"end":{"line":18,"column":47}},"loc":{"start":{"line":18,"column":53},"end":{"line":18,"column":74}},"line":18}},"branchMap":{"0":{"loc":{"start":{"line":20,"column":4},"end":{"line":23,"column":5}},"type":"if","locations":[{"start":{"line":20,"column":4},"end":{"line":23,"column":5}},{"start":{},"end":{}}],"line":20},"1":{"loc":{"start":{"line":40,"column":0},"end":{"line":42,"column":1}},"type":"if","locations":[{"start":{"line":40,"column":0},"end":{"line":42,"column":1}},{"start":{},"end":{}}],"line":40}},"s":{"0":0,"1":0,"2":0,"3":0,"4":0,"5":0,"6":0,"7":0,"8":0,"9":0,"10":0,"11":0,"12":0,"13":0,"14":0,"15":0,"16":0,"17":0,"18":0,"19":0},"f":{"0":0,"1":0},"b":{"0":[0,0],"1":[0,0]}}
,"C:\\Users\\ericd\\lift-hub-register\\backend\\services\\alunoService.js": {"path":"C:\\Users\\ericd\\lift-hub-register\\backend\\services\\alunoService.js","statementMap":{"0":{"start":{"line":1,"column":14},"end":{"line":1,"column":40}},"1":{"start":{"line":2,"column":34},"end":{"line":2,"column":66}},"2":{"start":{"line":15,"column":21},"end":{"line":15,"column":35}},"3":{"start":{"line":17,"column":4},"end":{"line":19,"column":5}},"4":{"start":{"line":18,"column":6},"end":{"line":18,"column":38}},"5":{"start":{"line":22,"column":27},"end":{"line":22,"column":65}},"6":{"start":{"line":23,"column":4},"end":{"line":25,"column":5}},"7":{"start":{"line":24,"column":6},"end":{"line":24,"column":43}},"8":{"start":{"line":27,"column":22},"end":{"line":27,"column":50}},"9":{"start":{"line":28,"column":4},"end":{"line":28,"column":34}},"10":{"start":{"line":36,"column":4},"end":{"line":36,"column":54}},"11":{"start":{"line":45,"column":21},"end":{"line":45,"column":35}},"12":{"start":{"line":47,"column":4},"end":{"line":49,"column":5}},"13":{"start":{"line":48,"column":6},"end":{"line":48,"column":38}},"14":{"start":{"line":51,"column":18},"end":{"line":51,"column":56}},"15":{"start":{"line":52,"column":4},"end":{"line":54,"column":5}},"16":{"start":{"line":53,"column":6},"end":{"line":53,"column":46}},"17":{"start":{"line":56,"column":4},"end":{"line":56,"column":17}},"18":{"start":{"line":66,"column":26},"end":{"line":66,"column":45}},"19":{"start":{"line":67,"column":25},"end":{"line":67,"column":43}},"20":{"start":{"line":69,"column":4},"end":{"line":71,"column":5}},"21":{"start":{"line":70,"column":6},"end":{"line":70,"column":38}},"22":{"start":{"line":74,"column":18},"end":{"line":74,"column":61}},"23":{"start":{"line":75,"column":4},"end":{"line":77,"column":5}},"24":{"start":{"line":76,"column":6},"end":{"line":76,"column":46}},"25":{"start":{"line":80,"column":4},"end":{"line":85,"column":5}},"26":{"start":{"line":81,"column":27},"end":{"line":81,"column":69}},"27":{"start":{"line":82,"column":6},"end":{"line":84,"column":7}},"28":{"start":{"line":83,"column":8},"end":{"line":83,"column":50}},"29":{"start":{"line":87,"column":4},"end":{"line":87,"column":29}},"30":{"start":{"line":88,"column":4},"end":{"line":88,"column":30}},"31":{"start":{"line":97,"column":21},"end":{"line":97,"column":35}},"32":{"start":{"line":99,"column":4},"end":{"line":101,"column":5}},"33":{"start":{"line":100,"column":6},"end":{"line":100,"column":38}},"34":{"start":{"line":103,"column":22},"end":{"line":103,"column":62}},"35":{"start":{"line":104,"column":4},"end":{"line":106,"column":5}},"36":{"start":{"line":105,"column":6},"end":{"line":105,"column":46}},"37":{"start":{"line":108,"column":4},"end":{"line":108,"column":53}},"38":{"start":{"line":112,"column":0},"end":{"line":112,"column":36}}},"fnMap":{"0":{"name":"(anonymous_0)","decl":{"start":{"line":14,"column":2},"end":{"line":14,"column":3}},"loc":{"start":{"line":14,"column":28},"end":{"line":29,"column":3}},"line":14},"1":{"name":"(anonymous_1)","decl":{"start":{"line":35,"column":2},"end":{"line":35,"column":3}},"loc":{"start":{"line":35,"column":23},"end":{"line":37,"column":3}},"line":35},"2":{"name":"(anonymous_2)","decl":{"start":{"line":44,"column":2},"end":{"line":44,"column":3}},"loc":{"start":{"line":44,"column":31},"end":{"line":57,"column":3}},"line":44},"3":{"name":"(anonymous_3)","decl":{"start":{"line":65,"column":2},"end":{"line":65,"column":3}},"loc":{"start":{"line":65,"column":42},"end":{"line":89,"column":3}},"line":65},"4":{"name":"(anonymous_4)","decl":{"start":{"line":96,"column":2},"end":{"line":96,"column":3}},"loc":{"start":{"line":96,"column":26},"end":{"line":109,"column":3}},"line":96}},"branchMap":{"0":{"loc":{"start":{"line":17,"column":4},"end":{"line":19,"column":5}},"type":"if","locations":[{"start":{"line":17,"column":4},"end":{"line":19,"column":5}},{"start":{},"end":{}}],"line":17},"1":{"loc":{"start":{"line":23,"column":4},"end":{"line":25,"column":5}},"type":"if","locations":[{"start":{"line":23,"column":4},"end":{"line":25,"column":5}},{"start":{},"end":{}}],"line":23},"2":{"loc":{"start":{"line":47,"column":4},"end":{"line":49,"column":5}},"type":"if","locations":[{"start":{"line":47,"column":4},"end":{"line":49,"column":5}},{"start":{},"end":{}}],"line":47},"3":{"loc":{"start":{"line":52,"column":4},"end":{"line":54,"column":5}},"type":"if","locations":[{"start":{"line":52,"column":4},"end":{"line":54,"column":5}},{"start":{},"end":{}}],"line":52},"4":{"loc":{"start":{"line":69,"column":4},"end":{"line":71,"column":5}},"type":"if","locations":[{"start":{"line":69,"column":4},"end":{"line":71,"column":5}},{"start":{},"end":{}}],"line":69},"5":{"loc":{"start":{"line":69,"column":8},"end":{"line":69,"column":63}},"type":"binary-expr","locations":[{"start":{"line":69,"column":8},"end":{"line":69,"column":34}},{"start":{"line":69,"column":38},"end":{"line":69,"column":63}}],"line":69},"6":{"loc":{"start":{"line":75,"column":4},"end":{"line":77,"column":5}},"type":"if","locations":[{"start":{"line":75,"column":4},"end":{"line":77,"column":5}},{"start":{},"end":{}}],"line":75},"7":{"loc":{"start":{"line":80,"column":4},"end":{"line":85,"column":5}},"type":"if","locations":[{"start":{"line":80,"column":4},"end":{"line":85,"column":5}},{"start":{},"end":{}}],"line":80},"8":{"loc":{"start":{"line":82,"column":6},"end":{"line":84,"column":7}},"type":"if","locations":[{"start":{"line":82,"column":6},"end":{"line":84,"column":7}},{"start":{},"end":{}}],"line":82},"9":{"loc":{"start":{"line":99,"column":4},"end":{"line":101,"column":5}},"type":"if","locations":[{"start":{"line":99,"column":4},"end":{"line":101,"column":5}},{"start":{},"end":{}}],"line":99},"10":{"loc":{"start":{"line":104,"column":4},"end":{"line":106,"column":5}},"type":"if","locations":[{"start":{"line":104,"column":4},"end":{"line":106,"column":5}},{"start":{},"end":{}}],"line":104}},"s":{"0":2,"1":2,"2":3,"3":3,"4":1,"5":2,"6":2,"7":1,"8":1,"9":1,"10":1,"11":3,"12":3,"13":1,"14":2,"15":2,"16":1,"17":1,"18":0,"19":0,"20":0,"21":0,"22":0,"23":0,"24":0,"25":0,"26":0,"27":0,"28":0,"29":0,"30":0,"31":2,"32":2,"33":0,"34":2,"35":2,"36":1,"37":1,"38":2},"f":{"0":3,"1":1,"2":3,"3":0,"4":2},"b":{"0":[1,2],"1":[1,1],"2":[1,2],"3":[1,1],"4":[0,0],"5":[0,0],"6":[0,0],"7":[0,0],"8":[0,0],"9":[0,2],"10":[1,1]},"_coverageSchema":"1a1c01bbd47fc00a2c39e90264f33305004495a9","hash":"38c20def5be27249a9cfd0787b99f20d6fb2c364"}
,"C:\\Users\\ericd\\lift-hub-register\\backend\\utils\\cpfValidator.js": {"path":"C:\\Users\\ericd\\lift-hub-register\\backend\\utils\\cpfValidator.js","statementMap":{"0":{"start":{"line":6,"column":19},"end":{"line":38,"column":1}},"1":{"start":{"line":8,"column":2},"end":{"line":8,"column":52}},"2":{"start":{"line":8,"column":39},"end":{"line":8,"column":52}},"3":{"start":{"line":11,"column":2},"end":{"line":11,"column":31}},"4":{"start":{"line":14,"column":2},"end":{"line":14,"column":38}},"5":{"start":{"line":14,"column":25},"end":{"line":14,"column":38}},"6":{"start":{"line":17,"column":2},"end":{"line":17,"column":45}},"7":{"start":{"line":17,"column":32},"end":{"line":17,"column":45}},"8":{"start":{"line":20,"column":13},"end":{"line":20,"column":14}},"9":{"start":{"line":21,"column":2},"end":{"line":23,"column":3}},"10":{"start":{"line":21,"column":15},"end":{"line":21,"column":16}},"11":{"start":{"line":22,"column":4},"end":{"line":22,"column":47}},"12":{"start":{"line":24,"column":14},"end":{"line":24,"column":30}},"13":{"start":{"line":25,"column":16},"end":{"line":25,"column":37}},"14":{"start":{"line":27,"column":2},"end":{"line":27,"column":56}},"15":{"start":{"line":27,"column":43},"end":{"line":27,"column":56}},"16":{"start":{"line":30,"column":2},"end":{"line":30,"column":11}},"17":{"start":{"line":31,"column":2},"end":{"line":33,"column":3}},"18":{"start":{"line":31,"column":15},"end":{"line":31,"column":16}},"19":{"start":{"line":32,"column":4},"end":{"line":32,"column":47}},"20":{"start":{"line":34,"column":2},"end":{"line":34,"column":27}},"21":{"start":{"line":35,"column":16},"end":{"line":35,"column":37}},"22":{"start":{"line":37,"column":2},"end":{"line":37,"column":46}},"23":{"start":{"line":45,"column":20},"end":{"line":48,"column":1}},"24":{"start":{"line":46,"column":2},"end":{"line":46,"column":31}},"25":{"start":{"line":47,"column":2},"end":{"line":47,"column":68}},"26":{"start":{"line":55,"column":18},"end":{"line":57,"column":1}},"27":{"start":{"line":56,"column":2},"end":{"line":56,"column":32}},"28":{"start":{"line":59,"column":0},"end":{"line":63,"column":2}}},"fnMap":{"0":{"name":"(anonymous_0)","decl":{"start":{"line":6,"column":19},"end":{"line":6,"column":20}},"loc":{"start":{"line":6,"column":28},"end":{"line":38,"column":1}},"line":6},"1":{"name":"(anonymous_1)","decl":{"start":{"line":45,"column":20},"end":{"line":45,"column":21}},"loc":{"start":{"line":45,"column":29},"end":{"line":48,"column":1}},"line":45},"2":{"name":"(anonymous_2)","decl":{"start":{"line":55,"column":18},"end":{"line":55,"column":19}},"loc":{"start":{"line":55,"column":27},"end":{"line":57,"column":1}},"line":55}},"branchMap":{"0":{"loc":{"start":{"line":8,"column":2},"end":{"line":8,"column":52}},"type":"if","locations":[{"start":{"line":8,"column":2},"end":{"line":8,"column":52}},{"start":{},"end":{}}],"line":8},"1":{"loc":{"start":{"line":8,"column":6},"end":{"line":8,"column":37}},"type":"binary-expr","locations":[{"start":{"line":8,"column":6},"end":{"line":8,"column":10}},{"start":{"line":8,"column":14},"end":{"line":8,"column":37}}],"line":8},"2":{"loc":{"start":{"line":14,"column":2},"end":{"line":14,"column":38}},"type":"if","locations":[{"start":{"line":14,"column":2},"end":{"line":14,"column":38}},{"start":{},"end":{}}],"line":14},"3":{"loc":{"start":{"line":17,"column":2},"end":{"line":17,"column":45}},"type":"if","locations":[{"start":{"line":17,"column":2},"end":{"line":17,"column":45}},{"start":{},"end":{}}],"line":17},"4":{"loc":{"start":{"line":25,"column":16},"end":{"line":25,"column":37}},"type":"cond-expr","locations":[{"start":{"line":25,"column":28},"end":{"line":25,"column":29}},{"start":{"line":25,"column":32},"end":{"line":25,"column":37}}],"line":25},"5":{"loc":{"start":{"line":27,"column":2},"end":{"line":27,"column":56}},"type":"if","locations":[{"start":{"line":27,"column":2},"end":{"line":27,"column":56}},{"start":{},"end":{}}],"line":27},"6":{"loc":{"start":{"line":35,"column":16},"end":{"line":35,"column":37}},"type":"cond-expr","locations":[{"start":{"line":35,"column":28},"end":{"line":35,"column":29}},{"start":{"line":35,"column":32},"end":{"line":35,"column":37}}],"line":35}},"s":{"0":3,"1":21,"2":3,"3":18,"4":18,"5":4,"6":14,"7":2,"8":12,"9":12,"10":12,"11":108,"12":12,"13":12,"14":12,"15":0,"16":12,"17":12,"18":12,"19":120,"20":12,"21":12,"22":12,"23":3,"24":2,"25":2,"26":3,"27":10,"28":3},"f":{"0":21,"1":2,"2":10},"b":{"0":[3,18],"1":[21,18],"2":[4,14],"3":[2,12],"4":[0,12],"5":[0,12],"6":[0,12]},"_coverageSchema":"1a1c01bbd47fc00a2c39e90264f33305004495a9","hash":"d6a8b7651af8fc54cbbee2fe72d1360c5e2d1132"}
}
