TN:
SF:jest.config.js
FNF:0
FNH:0
DA:1,0
LF:1
LH:0
BRF:0
BRH:0
end_of_record
TN:
SF:config\db.js
FN:3,(anonymous_0)
FNF:1
FNH:0
FNDA:0,(anonymous_0)
DA:1,0
DA:3,0
DA:4,0
DA:5,0
DA:9,0
DA:11,0
DA:12,0
DA:16,0
LF:8
LH:0
BRF:0
BRH:0
end_of_record
TN:
SF:controllers\alunoController.js
FN:12,(anonymous_0)
FN:43,(anonymous_1)
FN:64,(anonymous_2)
FN:87,(anonymous_3)
FN:120,(anonymous_4)
FNF:5
FNH:4
FNDA:3,(anonymous_0)
FNDA:1,(anonymous_1)
FNDA:2,(anonymous_2)
FNDA:0,(anonymous_3)
FNDA:2,(anonymous_4)
DA:1,1
DA:13,3
DA:14,3
DA:16,3
DA:17,1
DA:23,2
DA:25,1
DA:32,1
DA:44,1
DA:45,1
DA:47,1
DA:53,0
DA:65,2
DA:66,2
DA:67,2
DA:69,1
DA:75,1
DA:76,1
DA:88,0
DA:89,0
DA:90,0
DA:92,0
DA:93,0
DA:99,0
DA:101,0
DA:108,0
DA:109,0
DA:121,2
DA:122,2
DA:123,2
DA:125,1
DA:131,1
DA:132,1
DA:140,1
LF:34
LH:24
BRDA:16,0,0,1
BRDA:16,0,1,2
BRDA:75,1,0,1
BRDA:75,1,1,0
BRDA:92,2,0,0
BRDA:92,2,1,0
BRDA:108,3,0,0
BRDA:108,3,1,0
BRDA:131,4,0,1
BRDA:131,4,1,0
BRF:10
BRH:4
end_of_record
TN:
SF:models\Aluno.js
FN:10,(anonymous_0)
FNF:1
FNH:0
FNDA:0,(anonymous_0)
DA:1,2
DA:3,2
DA:12,0
DA:22,2
DA:24,2
LF:5
LH:4
BRF:0
BRH:0
end_of_record
TN:
SF:routes\alunoRoutes.js
FNF:0
FNH:0
DA:1,0
DA:2,0
DA:3,0
DA:6,0
DA:9,0
DA:12,0
DA:15,0
DA:18,0
DA:20,0
LF:9
LH:0
BRF:0
BRH:0
end_of_record
TN:
SF:scripts\initDB.js
FN:6,(anonymous_0)
FN:18,(anonymous_1)
FNF:2
FNH:0
FNDA:0,(anonymous_0)
FNDA:0,(anonymous_1)
DA:1,0
DA:6,0
DA:7,0
DA:9,0
DA:14,0
DA:17,0
DA:18,0
DA:20,0
DA:21,0
DA:22,0
DA:26,0
DA:27,0
DA:29,0
DA:30,0
DA:33,0
DA:35,0
DA:40,0
DA:41,0
DA:44,0
LF:19
LH:0
BRDA:20,0,0,0
BRDA:20,0,1,0
BRDA:40,1,0,0
BRDA:40,1,1,0
BRF:4
BRH:0
end_of_record
TN:
SF:services\alunoService.js
FN:14,(anonymous_0)
FN:35,(anonymous_1)
FN:44,(anonymous_2)
FN:65,(anonymous_3)
FN:96,(anonymous_4)
FNF:5
FNH:4
FNDA:3,(anonymous_0)
FNDA:1,(anonymous_1)
FNDA:3,(anonymous_2)
FNDA:0,(anonymous_3)
FNDA:2,(anonymous_4)
DA:1,2
DA:2,2
DA:15,3
DA:17,3
DA:18,1
DA:22,2
DA:23,2
DA:24,1
DA:27,1
DA:28,1
DA:36,1
DA:45,3
DA:47,3
DA:48,1
DA:51,2
DA:52,2
DA:53,1
DA:56,1
DA:66,0
DA:67,0
DA:69,0
DA:70,0
DA:74,0
DA:75,0
DA:76,0
DA:80,0
DA:81,0
DA:82,0
DA:83,0
DA:87,0
DA:88,0
DA:97,2
DA:99,2
DA:100,0
DA:103,2
DA:104,2
DA:105,1
DA:108,1
DA:112,2
LF:39
LH:25
BRDA:17,0,0,1
BRDA:17,0,1,2
BRDA:23,1,0,1
BRDA:23,1,1,1
BRDA:47,2,0,1
BRDA:47,2,1,2
BRDA:52,3,0,1
BRDA:52,3,1,1
BRDA:69,4,0,0
BRDA:69,4,1,0
BRDA:69,5,0,0
BRDA:69,5,1,0
BRDA:75,6,0,0
BRDA:75,6,1,0
BRDA:80,7,0,0
BRDA:80,7,1,0
BRDA:82,8,0,0
BRDA:82,8,1,0
BRDA:99,9,0,0
BRDA:99,9,1,2
BRDA:104,10,0,1
BRDA:104,10,1,1
BRF:22
BRH:11
end_of_record
TN:
SF:utils\cpfValidator.js
FN:6,(anonymous_0)
FN:45,(anonymous_1)
FN:55,(anonymous_2)
FNF:3
FNH:3
FNDA:21,(anonymous_0)
FNDA:2,(anonymous_1)
FNDA:10,(anonymous_2)
DA:6,3
DA:8,21
DA:11,18
DA:14,18
DA:17,14
DA:20,12
DA:21,12
DA:22,108
DA:24,12
DA:25,12
DA:27,12
DA:30,12
DA:31,12
DA:32,120
DA:34,12
DA:35,12
DA:37,12
DA:45,3
DA:46,2
DA:47,2
DA:55,3
DA:56,10
DA:59,3
LF:23
LH:23
BRDA:8,0,0,3
BRDA:8,0,1,18
BRDA:8,1,0,21
BRDA:8,1,1,18
BRDA:14,2,0,4
BRDA:14,2,1,14
BRDA:17,3,0,2
BRDA:17,3,1,12
BRDA:25,4,0,0
BRDA:25,4,1,12
BRDA:27,5,0,0
BRDA:27,5,1,12
BRDA:35,6,0,0
BRDA:35,6,1,12
BRF:14
BRH:11
end_of_record
